<?xml version="1.0" encoding="UTF-8"?>
<!-- Generated by org.testng.reporters.JUnitReportReporter -->
<testsuite hostname="TECLOHP" failures="0" tests="1" name="com.qa.nimap.testcases.LoginTestCase" time="45.981" errors="0" timestamp="2024-07-17T12:47:48 IST" skipped="0">
  <testcase classname="com.qa.nimap.testcases.LoginTestCase" name="LoginNimap" time="45.981"/>
  <system-out/>
</testsuite> <!-- com.qa.nimap.testcases.LoginTestCase -->
